#
# There is insufficient memory for the Java Runtime Environment to continue.
# Native memory allocation (malloc) failed to allocate 32744 bytes for ChunkPool::allocate
# Possible reasons:
#   The system is out of physical RAM or swap space
#   In 32 bit mode, the process size limit was hit
# Possible solutions:
#   Reduce memory load on the system
#   Increase physical memory or swap space
#   Check if swap backing store is full
#   Use 64 bit Java on a 64 bit OS
#   Decrease Java heap size (-Xmx/-Xms)
#   Decrease number of Java threads
#   Decrease Java thread stack sizes (-Xss)
#   Set larger code cache with -XX:ReservedCodeCacheSize=
# This output file may be truncated or incomplete.
#
#  Out of Memory Error (allocation.cpp:273), pid=5784, tid=7320
#
# JRE version: Java(TM) SE Runtime Environment (8.0_91-b15) (build 1.8.0_91-b15)
# Java VM: Java HotSpot(TM) 64-Bit Server VM (25.91-b15 mixed mode windows-amd64 compressed oops)
# Failed to write core dump. Minidumps are not enabled by default on client versions of Windows
#

---------------  T H R E A D  ---------------

Current thread (0x0000000018e7a000):  JavaThread "AWT-EventQueue-0" [_thread_in_vm, id=7320, stack(0x000000001c430000,0x000000001c530000)]

Stack: [0x000000001c430000,0x000000001c530000]
[error occurred during error reporting (printing stack bounds), id 0xc0000005]

Native frames: (J=compiled Java code, j=interpreted, Vv=VM code, C=native code)

Java frames: (J=compiled Java code, j=interpreted, Vv=VM code)
J 72  java.lang.Object.hashCode()I (0 bytes) @ 0x000000000268a7fb [0x000000000268a7c0+0x3b]
J 257 C1 java.util.HashMap.get(Ljava/lang/Object;)Ljava/lang/Object; (23 bytes) @ 0x00000000026e42d4 [0x00000000026e4120+0x1b4]
j  sun.java2d.d3d.D3DScreenUpdateManager.getGdiSurface(Lsun/java2d/d3d/D3DSurfaceData$D3DWindowSurfaceData;)Lsun/java2d/SurfaceData;+23
j  sun.java2d.d3d.D3DScreenUpdateManager.createGraphics(Lsun/java2d/SurfaceData;Lsun/awt/windows/WComponentPeer;Ljava/awt/Color;Ljava/awt/Color;Ljava/awt/Font;)Ljava/awt/Graphics2D;+60
j  sun.awt.windows.WComponentPeer.getGraphics()Ljava/awt/Graphics;+182
j  java.awt.Component.getGraphics()Ljava/awt/Graphics;+114
j  javax.swing.JFrame.getGraphics()Ljava/awt/Graphics;+5
j  javax.swing.JComponent.safelyGetGraphics(Ljava/awt/Component;Ljava/awt/Component;)Ljava/awt/Graphics;+11
j  javax.swing.RepaintManager$4.run()Ljava/lang/Void;+105
j  javax.swing.RepaintManager$4.run()Ljava/lang/Object;+1
v  ~StubRoutines::call_stub
j  java.security.AccessController.doPrivileged(Ljava/security/PrivilegedAction;Ljava/security/AccessControlContext;)Ljava/lang/Object;+0
j  java.security.ProtectionDomain$JavaSecurityAccessImpl.doIntersectionPrivilege(Ljava/security/PrivilegedAction;Ljava/security/AccessControlContext;Ljava/security/AccessControlContext;)Ljava/lang/Object;+18
j  javax.swing.RepaintManager.paintDirtyRegions(Ljava/util/Map;)V+154
j  javax.swing.RepaintManager.paintDirtyRegions()V+46
j  javax.swing.RepaintManager.prePaintDirtyRegions()V+73
j  javax.swing.RepaintManager.access$1200(Ljavax/swing/RepaintManager;)V+1
j  javax.swing.RepaintManager$ProcessingRunnable.run()V+37
j  java.awt.event.InvocationEvent.dispatch()V+47
j  java.awt.EventQueue.dispatchEventImpl(Ljava/awt/AWTEvent;Ljava/lang/Object;)V+21
j  java.awt.EventQueue.access$500(Ljava/awt/EventQueue;Ljava/awt/AWTEvent;Ljava/lang/Object;)V+3
j  java.awt.EventQueue$3.run()Ljava/lang/Void;+32
j  java.awt.EventQueue$3.run()Ljava/lang/Object;+1
v  ~StubRoutines::call_stub
j  java.security.AccessController.doPrivileged(Ljava/security/PrivilegedAction;Ljava/security/AccessControlContext;)Ljava/lang/Object;+0
j  java.security.ProtectionDomain$JavaSecurityAccessImpl.doIntersectionPrivilege(Ljava/security/PrivilegedAction;Ljava/security/AccessControlContext;Ljava/security/AccessControlContext;)Ljava/lang/Object;+18
j  java.awt.EventQueue.dispatchEvent(Ljava/awt/AWTEvent;)V+46
j  java.awt.EventDispatchThread.pumpOneEventForFilters(I)V+245
j  java.awt.EventDispatchThread.pumpEventsForFilter(ILjava/awt/Conditional;Ljava/awt/EventFilter;)V+35
j  java.awt.EventDispatchThread.pumpEventsForHierarchy(ILjava/awt/Conditional;Ljava/awt/Component;)V+11
j  java.awt.EventDispatchThread.pumpEvents(ILjava/awt/Conditional;)V+4
j  java.awt.EventDispatchThread.pumpEvents(Ljava/awt/Conditional;)V+3
j  java.awt.EventDispatchThread.run()V+9
v  ~StubRoutines::call_stub

---------------  P R O C E S S  ---------------

Java Threads: ( => current thread )
  0x000000001bbfe000 JavaThread "D3D Screen Updater" daemon [_thread_blocked, id=8116, stack(0x000000001d520000,0x000000001d620000)]
  0x0000000001e1f000 JavaThread "DestroyJavaVM" [_thread_blocked, id=4644, stack(0x0000000002190000,0x0000000002290000)]
=>0x0000000018e7a000 JavaThread "AWT-EventQueue-0" [_thread_in_vm, id=7320, stack(0x000000001c430000,0x000000001c530000)]
  0x0000000018e55000 JavaThread "AWT-Windows" daemon [_thread_in_native, id=5092, stack(0x00000000199f0000,0x0000000019af0000)]
  0x0000000018e54800 JavaThread "AWT-Shutdown" [_thread_blocked, id=7396, stack(0x0000000019770000,0x0000000019870000)]
  0x0000000018e51800 JavaThread "Java2D Disposer" daemon [_thread_blocked, id=5048, stack(0x0000000019870000,0x0000000019970000)]
  0x0000000018bd7800 JavaThread "Monitor Ctrl-Break" daemon [_thread_in_native, id=6504, stack(0x0000000019580000,0x0000000019680000)]
  0x0000000018ac6000 JavaThread "Service Thread" daemon [_thread_blocked, id=8140, stack(0x0000000018ec0000,0x0000000018fc0000)]
  0x0000000018ac4800 JavaThread "C1 CompilerThread2" daemon [_thread_blocked, id=7272, stack(0x0000000019260000,0x0000000019360000)]
  0x0000000018ac3800 JavaThread "C2 CompilerThread1" daemon [_thread_blocked, id=2992, stack(0x0000000019020000,0x0000000019120000)]
  0x000000001741f000 JavaThread "C2 CompilerThread0" daemon [_thread_blocked, id=7000, stack(0x0000000018650000,0x0000000018750000)]
  0x000000001741d000 JavaThread "Attach Listener" daemon [_thread_blocked, id=7880, stack(0x00000000188c0000,0x00000000189c0000)]
  0x000000001741b800 JavaThread "Signal Dispatcher" daemon [_thread_blocked, id=3524, stack(0x00000000189c0000,0x0000000018ac0000)]
  0x00000000173f5800 JavaThread "Finalizer" daemon [_thread_blocked, id=4464, stack(0x00000000187b0000,0x00000000188b0000)]
  0x00000000173b4000 JavaThread "Reference Handler" daemon [_thread_blocked, id=2832, stack(0x00000000184f0000,0x00000000185f0000)]

Other Threads:
  0x00000000173ac800 VMThread [stack: 0x0000000018380000,0x0000000018480000] [id=7740]
  0x0000000018b4a800 WatcherThread [stack: 0x0000000019450000,0x0000000019550000] [id=8024]

VM state:not at safepoint (normal execution)

VM Mutex/Monitor currently owned by a thread: None

Heap:
 PSYoungGen      total 38400K, used 7322K [0x00000000d5900000, 0x00000000d8380000, 0x0000000100000000)
  eden space 33280K, 22% used [0x00000000d5900000,0x00000000d6026a78,0x00000000d7980000)
  from space 5120K, 0% used [0x00000000d7e80000,0x00000000d7e80000,0x00000000d8380000)
  to   space 5120K, 0% used [0x00000000d7980000,0x00000000d7980000,0x00000000d7e80000)
 ParOldGen       total 87552K, used 0K [0x0000000080a00000, 0x0000000085f80000, 0x00000000d5900000)
  object space 87552K, 0% used [0x0000000080a00000,0x0000000080a00000,0x0000000085f80000)
 Metaspace       used 8498K, capacity 8706K, committed 8832K, reserved 1056768K
  class space    used 994K, capacity 1093K, committed 1152K, reserved 1048576K

Card table byte_map: [0x0000000011920000,0x0000000011d20000] byte_map_base: 0x000000001151b000

Marking Bits: (ParMarkBitMap*) 0x0000000056472f70
 Begin Bits: [0x0000000012670000, 0x0000000014648000)
 End Bits:   [0x0000000014648000, 0x0000000016620000)

Polling page: 0x0000000000210000

CodeCache: size=245760Kb used=1948Kb max_used=1948Kb free=243811Kb
 bounds [0x0000000002560000, 0x00000000027d0000, 0x0000000011560000]
 total_blobs=847 nmethods=428 adapters=332
 compilation: enabled

Compilation events (10 events):
Event: 19.578 Thread 0x0000000018ac4800 nmethod 422 0x000000000273e490 code [0x000000000273e5e0, 0x000000000273e6f0]
Event: 19.578 Thread 0x0000000018ac4800  423       3       sun.util.locale.LocaleUtils::toLower (17 bytes)
Event: 19.578 Thread 0x0000000018ac4800 nmethod 423 0x000000000273e010 code [0x000000000273e180, 0x000000000273e3f0]
Event: 19.578 Thread 0x0000000018ac4800  424       3       sun.util.locale.LocaleUtils::isUpper (18 bytes)
Event: 19.578 Thread 0x0000000018ac4800 nmethod 424 0x000000000273dc90 code [0x000000000273dde0, 0x000000000273dfb0]
Event: 20.113 Thread 0x0000000018ac4800  425       1       java.beans.PropertyChangeEvent::getOldValue (5 bytes)
Event: 20.113 Thread 0x0000000018ac4800 nmethod 425 0x000000000273d9d0 code [0x000000000273db20, 0x000000000273dc30]
Event: 20.250 Thread 0x0000000018ac4800  426       3       java.awt.Component::getTreeLock (4 bytes)
Event: 20.250 Thread 0x0000000018ac4800 nmethod 426 0x000000000273d6d0 code [0x000000000273d820, 0x000000000273d970]
Event: 20.719 Thread 0x0000000018ac4800  428       3       java.security.AccessControlContext::optimize (318 bytes)

GC Heap History (0 events):
No events

Deoptimization events (0 events):
No events

Internal exceptions (10 events):
Event: 0.034 Thread 0x0000000001e1f000 Exception <a 'java/lang/NoSuchMethodError': Method sun.misc.Unsafe.defineClass(Ljava/lang/String;[BII)Ljava/lang/Class; name or signature does not match> (0x00000000d5907cc0) thrown at [C:\re\workspace\8-2-build-windows-amd64-cygwin\jdk8u91\7017\hotspot\sríêΩÕâõ°?
Event: 0.034 Thread 0x0000000001e1f000 Exception <a 'java/lang/NoSuchMethodError': Method sun.misc.Unsafe.prefetchRead(Ljava/lang/Object;J)V name or signature does not match> (0x00000000d5907fa8) thrown at [C:\re\workspace\8-2-build-windows-amd64-cygwin\jdk8u91\7017\hotspot\src\share\vm\prims\j íb˜¶≈?
Event: 0.169 Thread 0x0000000001e1f000 Exception <a 'java/security/PrivilegedActionException'> (0x00000000d5a6ebc0) thrown at [C:\re\workspace\8-2-build-windows-amd64-cygwin\jdk8u91\7017\hotspot\src\share\vm\prims\jvm.cpp, line 1386]
Event: 0.169 Thread 0x0000000001e1f000 Exception <a 'java/security/PrivilegedActionException'> (0x00000000d5a6edd0) thrown at [C:\re\workspace\8-2-build-windows-amd64-cygwin\jdk8u91\7017\hotspot\src\share\vm\prims\jvm.cpp, line 1386]
Event: 0.170 Thread 0x0000000001e1f000 Exception <a 'java/security/PrivilegedActionException'> (0x00000000d5a72c18) thrown at [C:\re\workspace\8-2-build-windows-amd64-cygwin\jdk8u91\7017\hotspot\src\share\vm\prims\jvm.cpp, line 1386]
Event: 0.170 Thread 0x0000000001e1f000 Exception <a 'java/security/PrivilegedActionException'> (0x00000000d5a72e28) thrown at [C:\re\workspace\8-2-build-windows-amd64-cygwin\jdk8u91\7017\hotspot\src\share\vm\prims\jvm.cpp, line 1386]
Event: 0.178 Thread 0x0000000001e1f000 Exception <a 'java/io/FileNotFoundException'> (0x00000000d5a7cf80) thrown at [C:\re\workspace\8-2-build-windows-amd64-cygwin\jdk8u91\7017\hotspot\src\share\vm\prims\jni.cpp, line 709]
Event: 0.218 Thread 0x0000000001e1f000 Exception <a 'java/lang/NoSuchFieldError': method resolution failed> (0x00000000d5bf0a78) thrown at [C:\re\workspace\8-2-build-windows-amd64-cygwin\jdk8u91\7017\hotspot\src\share\vm\prims\methodHandles.cpp, line 1146]
Event: 0.222 Thread 0x0000000001e1f000 Exception <a 'java/lang/NoSuchFieldError': method resolution failed> (0x00000000d5bfde48) thrown at [C:\re\workspace\8-2-build-windows-amd64-cygwin\jdk8u91\7017\hotspot\src\share\vm\prims\methodHandles.cpp, line 1146]
Event: 0.282 Thread 0x0000000001e1f000 Exception <a 'java/io/FileNotFoundException'> (0x00000000d5c92a78) thrown at [C:\re\workspace\8-2-build-windows-amd64-cygwin\jdk8u91\7017\hotspot\src\share\vm\prims\jni.cpp, line 709]

Events (10 events):
Event: 0.441 loading class java/text/AttributedString
Event: 0.441 loading class java/text/AttributedString done
Event: 0.441 loading class java/text/AttributedString$AttributedStringIterator
Event: 0.441 loading class java/text/AttributedCharacterIterator
Event: 0.441 loading class java/text/CharacterIterator
Event: 0.441 loading class java/text/CharacterIterator done
Event: 0.441 loading class java/text/AttributedCharacterIterator done
Event: 0.441 loading class java/text/AttributedString$AttributedStringIterator done
Event: 4.209 Executing VM operation: EnableBiasedLocking
Event: 4.209 Executing VM operation: EnableBiasedLocking done


Dynamic libraries:
0x000000013f370000 - 0x000000013f3a7000 	C:\Program Files\Java\jdk1.8.0_91\bin\java.exe
0x00000000770c0000 - 0x0000000077269000 	C:\Windows\SYSTEM32\ntdll.dll
0x0000000076ea0000 - 0x0000000076fc0000 	C:\Windows\system32\kernel32.dll
0x000007fefcea0000 - 0x000007fefcf0c000 	C:\Windows\system32\KERNELBASE.dll
0x000007feff2f0000 - 0x000007feff3cb000 	C:\Windows\system32\ADVAPI32.dll
0x000007fefd5c0000 - 0x000007fefd65f000 	C:\Windows\system32\msvcrt.dll
0x000007fefefe0000 - 0x000007fefefff000 	C:\Windows\SYSTEM32\sechost.dll
0x000007fefeeb0000 - 0x000007fefefdd000 	C:\Windows\system32\RPCRT4.dll
0x0000000076fc0000 - 0x00000000770ba000 	C:\Windows\system32\USER32.dll
0x000007fefd780000 - 0x000007fefd7e7000 	C:\Windows\system32\GDI32.dll
0x000007fefe690000 - 0x000007fefe69e000 	C:\Windows\system32\LPK.dll
0x000007fefd220000 - 0x000007fefd2e9000 	C:\Windows\system32\USP10.dll
0x000007fefc070000 - 0x000007fefc264000 	C:\Windows\WinSxS\amd64_microsoft.windows.common-controls_6595b64144ccf1df_6.0.7601.18837_none_fa3b1e3d17594757\COMCTL32.dll
0x000007fefd660000 - 0x000007fefd6d1000 	C:\Windows\system32\SHLWAPI.dll
0x000007fefec20000 - 0x000007fefec4e000 	C:\Windows\system32\IMM32.DLL
0x000007feff000000 - 0x000007feff109000 	C:\Windows\system32\MSCTF.dll
0x0000000065590000 - 0x0000000065662000 	C:\Program Files\Java\jdk1.8.0_91\jre\bin\msvcr100.dll
0x0000000055c60000 - 0x00000000564f3000 	C:\Program Files\Java\jdk1.8.0_91\jre\bin\server\jvm.dll
0x000007fef62c0000 - 0x000007fef62c9000 	C:\Windows\system32\WSOCK32.dll
0x000007fefec50000 - 0x000007fefec9d000 	C:\Windows\system32\WS2_32.dll
0x000007fefd8d0000 - 0x000007fefd8d8000 	C:\Windows\system32\NSI.dll
0x000007fef9eb0000 - 0x000007fef9eeb000 	C:\Windows\system32\WINMM.dll
0x000007fefc350000 - 0x000007fefc35c000 	C:\Windows\system32\VERSION.dll
0x0000000077290000 - 0x0000000077297000 	C:\Windows\system32\PSAPI.DLL
0x0000000073810000 - 0x000000007381f000 	C:\Program Files\Java\jdk1.8.0_91\jre\bin\verify.dll
0x0000000072d00000 - 0x0000000072d29000 	C:\Program Files\Java\jdk1.8.0_91\jre\bin\java.dll
0x0000000065220000 - 0x0000000065236000 	C:\Program Files\Java\jdk1.8.0_91\jre\bin\zip.dll
0x000007fefd900000 - 0x000007fefe689000 	C:\Windows\system32\SHELL32.dll
0x000007fefeca0000 - 0x000007fefeea3000 	C:\Windows\system32\ole32.dll
0x000007fefce60000 - 0x000007fefce6f000 	C:\Windows\system32\profapi.dll
0x000007fef70d0000 - 0x000007fef70e0000 	C:\Program Files (x86)\JetBrains\IntelliJ IDEA Community Edition 2016.2\bin\breakgen64.dll
0x0000000065200000 - 0x000000006521a000 	C:\Program Files\Java\jdk1.8.0_91\jre\bin\net.dll
0x000007fefbff0000 - 0x000007fefc045000 	C:\Windows\system32\mswsock.dll
0x000007fefbfe0000 - 0x000007fefbfe7000 	C:\Windows\System32\wship6.dll
0x000000005c0d0000 - 0x000000005c268000 	C:\Program Files\Java\jdk1.8.0_91\jre\bin\awt.dll
0x000007fefd7f0000 - 0x000007fefd8c7000 	C:\Windows\system32\OLEAUT32.dll
0x000007fefac30000 - 0x000007fefac48000 	C:\Windows\system32\DWMAPI.DLL
0x000007fefb3b0000 - 0x000007fefb406000 	C:\Windows\system32\uxtheme.dll
0x000007fefcd00000 - 0x000007fefcd0f000 	C:\Windows\system32\CRYPTBASE.dll
0x000007feee3f0000 - 0x000007feee5ef000 	C:\Windows\system32\d3d9.dll
0x000007fef8d50000 - 0x000007fef8d57000 	C:\Windows\system32\d3d8thk.dll
0x000007feecd90000 - 0x000007feedc89000 	C:\Windows\system32\nvd3dumx.dll
0x000007fefaf10000 - 0x000007fefaf3c000 	C:\Windows\system32\powrprof.dll
0x000007feff110000 - 0x000007feff2e7000 	C:\Windows\system32\SETUPAPI.dll
0x000007fefcf90000 - 0x000007fefcfc6000 	C:\Windows\system32\CFGMGR32.dll
0x000007fefcf50000 - 0x000007fefcf6a000 	C:\Windows\system32\DEVOBJ.dll
0x0000000065190000 - 0x00000000651d7000 	C:\Program Files\Java\jdk1.8.0_91\jre\bin\fontmanager.dll

VM Arguments:
jvm_args: -Didea.launcher.port=7546 -Didea.launcher.bin.path=C:\Program Files (x86)\JetBrains\IntelliJ IDEA Community Edition 2016.2\bin -Dfile.encoding=UTF-8 
java_command: com.intellij.rt.execution.application.AppMain com.company.Main
java_class_path (initial): C:\Program Files\Java\jdk1.8.0_91\jre\lib\charsets.jar;C:\Program Files\Java\jdk1.8.0_91\jre\lib\deploy.jar;C:\Program Files\Java\jdk1.8.0_91\jre\lib\ext\access-bridge-64.jar;C:\Program Files\Java\jdk1.8.0_91\jre\lib\ext\cldrdata.jar;C:\Program Files\Java\jdk1.8.0_91\jre\lib\ext\dnsns.jar;C:\Program Files\Java\jdk1.8.0_91\jre\lib\ext\jaccess.jar;C:\Program Files\Java\jdk1.8.0_91\jre\lib\ext\jfxrt.jar;C:\Program Files\Java\jdk1.8.0_91\jre\lib\ext\localedata.jar;C:\Program Files\Java\jdk1.8.0_91\jre\lib\ext\nashorn.jar;C:\Program Files\Java\jdk1.8.0_91\jre\lib\ext\sunec.jar;C:\Program Files\Java\jdk1.8.0_91\jre\lib\ext\sunjce_provider.jar;C:\Program Files\Java\jdk1.8.0_91\jre\lib\ext\sunmscapi.jar;C:\Program Files\Java\jdk1.8.0_91\jre\lib\ext\sunpkcs11.jar;C:\Program Files\Java\jdk1.8.0_91\jre\lib\ext\zipfs.jar;C:\Program Files\Java\jdk1.8.0_91\jre\lib\javaws.jar;C:\Program Files\Java\jdk1.8.0_91\jre\lib\jce.jar;C:\Program Files\Java\jdk1.8.0_91\jre\lib\jfr.jar;C:\Program Files\Java\jdk1.8.0_91\jre\lib\jfxswt.jar;C:\Program Files\Java\jdk1.8.0_91\jre\lib\jsse.jar;C:\Program Files\Java\jdk1.8.0_91\jre\lib\management-agent.jar;C:\Program Files\Java\jdk1.8.0_91\jre\lib\plugin.jar;C:\Program Files\Java\jdk1.8.0_91\jre\lib\resources.jar;C:\Program Files\Java\jdk1.8.0_91\jre\lib\rt.jar;C:\Users\kirill\IntelliJIDEAProjects\15\out\production\15;C:\Program Files (x86)\JetBrains\IntelliJ IDEA Community Edition 2016.2\lib\idea_rt.jar
Launcher Type: SUN_STANDARD

Environment Variables:
PATH=C:\ProgramData\Oracle\Java\javapath;C:\Python34\;C:\Python34\Scripts;C:\Program Files\Common Files\Microsoft Shared\Windows Live;C:\Program Files (x86)\Common Files\Microsoft Shared\Windows Live;C:\Program Files (x86)\Intel\iCLS Client\;C:\Program Files\Intel\iCLS Client\;C:\Windows\system32;C:\Windows;C:\Windows\System32\Wbem;C:\Windows\System32\WindowsPowerShell\v1.0\;C:\Program Files\Intel\Intel(R) Management Engine Components\DAL;C:\Program Files\Intel\Intel(R) Management Engine Components\IPT;C:\Program Files (x86)\Intel\Intel(R) Management Engine Components\DAL;C:\Program Files (x86)\Intel\Intel(R) Management Engine Components\IPT;C:\Program Files (x86)\Windows Live\Shared;C:\Program Files\Aladdin\eToken\PKIClient\x32;C:\Program Files\Aladdin\eToken\PKIClient\x64;C:\Program Files (x86)\Microsoft SQL Server\100\Tools\Binn\VSShell\Common7\IDE\;C:\Program Files (x86)\Microsoft SQL Server\100\Tools\Binn\;C:\Program Files\Microsoft SQL Server\100\Tools\Binn\;C:\Program Files (x86)\Microsoft SQL Server\100\DTS\Binn\;C:\Program Files\Microsoft SQL Server\110\Tools\Binn\;C:\Program Files (x86)\NVIDIA Corporation\PhysX\Common;C:\Program Files (x86)\Skype\Phone\;
USERNAME=kirill
OS=Windows_NT
PROCESSOR_IDENTIFIER=Intel64 Family 6 Model 58 Stepping 9, GenuineIntel



---------------  S Y S T E M  ---------------

OS: Windows 7 , 64 bit Build 7601 (6.1.7601.19018)

CPU:total 4 (4 cores per cpu, 1 threads per core) family 6 model 58 stepping 9, cmov, cx8, fxsr, mmx, sse, sse2, sse3, ssse3, sse4.1, sse4.2, popcnt, avx, aes, clmul, erms, tsc, tscinvbit, tscinv

Memory: 4k page, physical 8339956k(4130544k free), swap 8338120k(5056k free)

vm_info: Java HotSpot(TM) 64-Bit Server VM (25.91-b15) for windows-amd64 JRE (1.8.0_91-b15), built on May 20 2016 17:43:15 by "java_re" with MS VC++ 10.0 (VS2010)

time: Fri Oct 14 11:45:02 2016
elapsed time: 20 seconds (0d 0h 0m 20s)

